<?xml version="1.0" encoding="UTF-8" ?>
<testsuite tests="1" failures="0" name="com.acme.basic.HelloWorldTest" time="0.005" errors="0" skipped="0">
  <properties>
    <property name="java.runtime.name" value="OpenJDK Runtime Environment"/>
    <property name="java.vm.version" value="11.0.16.1+1-LTS"/>
    <property name="sun.boot.library.path" value="C:\Program Files (x86)\Java\jdk-11.0.16.1+1\bin"/>
    <property name="user.country.format" value="CH"/>
    <property name="maven.multiModuleProjectDirectory" value="C:\git\sonar-scanning-examples\sonarqube-scanner-maven\maven-basic"/>
    <property name="java.vm.vendor" value="Microsoft"/>
    <property name="java.vendor.url" value="https://www.microsoft.com"/>
    <property name="guice.disable.misplaced.annotation.check" value="true"/>
    <property name="path.separator" value=";"/>
    <property name="java.vm.name" value="OpenJDK 64-Bit Server VM"/>
    <property name="sun.os.patch.level" value=""/>
    <property name="user.script" value=""/>
    <property name="sun.java.launcher" value="SUN_STANDARD"/>
    <property name="user.country" value="US"/>
    <property name="java.vm.specification.name" value="Java Virtual Machine Specification"/>
    <property name="user.dir" value="C:\git\sonar-scanning-examples\sonarqube-scanner-maven\maven-basic"/>
    <property name="java.vm.compressedOopsMode" value="32-bit"/>
    <property name="sonar.password" value="MK4gCAn5"/>
    <property name="java.runtime.version" value="11.0.16.1+1-LTS"/>
    <property name="java.awt.graphicsenv" value="sun.awt.Win32GraphicsEnvironment"/>
    <property name="os.arch" value="amd64"/>
    <property name="java.io.tmpdir" value="C:\Users\LOUIS~1.CHA\AppData\Local\Temp\"/>
    <property name="line.separator" value="
"/>
    <property name="java.vm.specification.vendor" value="Oracle Corporation"/>
    <property name="user.variant" value=""/>
    <property name="javax.net.ssl.keyStore" value="C:\keystore\mavenkeystore"/>
    <property name="os.name" value="Windows 10"/>
    <property name="classworlds.conf" value="C:\Program Files (x86)\Java\apache-maven-3.8.6\bin\m2.conf"/>
    <property name="javax.net.ssl.keyStorePassword" value="changeit"/>
    <property name="sun.jnu.encoding" value="Cp1252"/>
    <property name="sonar.login" value="admin"/>
    <property name="java.library.path" value="C:\Program Files (x86)\Java\jdk-11.0.16.1+1\bin;C:\Windows\Sun\Java\bin;C:\Windows\system32;C:\Windows;C:\Program Files\Common Files\Oracle\Java\javapath;C:\Windows\system32;C:\Windows;C:\Windows\System32\Wbem;C:\Windows\System32\WindowsPowerShell\v1.0\;C:\Windows\System32\OpenSSH\;C:\Program Files\dotnet\;C:\Program Files\PostgreSQL\14\bin;C:\jdk-11.0.2\bin;C:\Program Files\Git\cmd;C:\sonar\scanner\sonar-scanner-4.7.0.2747-windows\bin;C:\script;C:\Program Files (x86)\Java\apache-maven-3.8.6\bin;C:\Program Files\gradle-6.9.3\bin;C:\Program Files\nodejs\;C:\ProgramData\chocolatey\bin;C:\nginx;C:\Program Files\Docker\Docker\resources\bin;C:\Program Files\Microsoft Visual Studio\2022\Community\MSBuild\Current\Bin;C:\sonar\scanner\dotnet\;C:\Program Files\CMake\bin;C:\Program Files\LLVM\bin;C:\Program Files\Microsoft\Web Platform Installer\;C:\Program Files\Microsoft SQL Server\130\Tools\Binn\;C:\Program Files\Microsoft SQL Server\Client SDK\ODBC\170\Tools\Binn\;C:\Program Files\Conan\conan;C:\Users\louis.chapuis\AppData\Local\Microsoft\WindowsApps;C:\Users\louis.chapuis\AppData\Local\Programs\Microsoft VS Code\bin;C:\Users\louis.chapuis\AppData\Roaming\npm;C:\Users\louis.chapuis\.dotnet\tools;C:\Users\louis.chapuis\AppData\Local\GitHubDesktop\bin;C:\Users\louis.chapuis\AppData\Local\Programs\Fiddler;C:\Users\louis.chapuis\.dotnet\tools;."/>
    <property name="maven.conf" value="C:\Program Files (x86)\Java\apache-maven-3.8.6/conf"/>
    <property name="javax.net.ssl.trustStore" value="C:\keystore\mavenkeystore"/>
    <property name="jdk.debug" value="release"/>
    <property name="java.class.version" value="55.0"/>
    <property name="java.specification.name" value="Java Platform API Specification"/>
    <property name="sun.management.compiler" value="HotSpot 64-Bit Tiered Compilers"/>
    <property name="os.version" value="10.0"/>
    <property name="library.jansi.path" value="C:\Program Files (x86)\Java\apache-maven-3.8.6\lib\jansi-native"/>
    <property name="user.home" value="C:\Users\louis.chapuis"/>
    <property name="user.timezone" value="Europe/Berlin"/>
    <property name="java.awt.printerjob" value="sun.awt.windows.WPrinterJob"/>
    <property name="sonar.host.url" value="http://localhost/latest"/>
    <property name="file.encoding" value="Cp1252"/>
    <property name="java.specification.version" value="11"/>
    <property name="user.name" value="louis.chapuis"/>
    <property name="java.class.path" value="C:\Program Files (x86)\Java\apache-maven-3.8.6\boot\plexus-classworlds-2.6.0.jar"/>
    <property name="java.vm.specification.version" value="11"/>
    <property name="sun.arch.data.model" value="64"/>
    <property name="sun.java.command" value="org.codehaus.plexus.classworlds.launcher.Launcher clean package sonar:sonar -Dsonar.host.url=http://localhost/latest -Dsonar.login=admin -Dsonar.password=MK4gCAn5"/>
    <property name="java.home" value="C:\Program Files (x86)\Java\jdk-11.0.16.1+1"/>
    <property name="user.language" value="en"/>
    <property name="java.specification.vendor" value="Oracle Corporation"/>
    <property name="awt.toolkit" value="sun.awt.windows.WToolkit"/>
    <property name="java.vm.info" value="mixed mode"/>
    <property name="java.version" value="11.0.16.1"/>
    <property name="java.vendor" value="Microsoft"/>
    <property name="sun.stderr.encoding" value="cp437"/>
    <property name="maven.home" value="C:\Program Files (x86)\Java\apache-maven-3.8.6"/>
    <property name="file.separator" value="\"/>
    <property name="java.version.date" value="2022-08-12"/>
    <property name="java.vendor.url.bug" value="https://github.com/microsoft/openjdk/issues"/>
    <property name="javax.net.ssl.keyStoreType" value="pkcs12"/>
    <property name="sun.io.unicode.encoding" value="UnicodeLittle"/>
    <property name="sun.cpu.endian" value="little"/>
    <property name="java.vendor.version" value="Microsoft-40648"/>
    <property name="javax.net.ssl.trustStorePassword" value="changeit"/>
    <property name="sun.stdout.encoding" value="cp437"/>
    <property name="sun.desktop" value="windows"/>
    <property name="sun.cpu.isalist" value="amd64"/>
  </properties>
  <testcase classname="com.acme.basic.HelloWorldTest" name="sayHello" time="0.005"/>
</testsuite>